# JRE version: Java(TM) SE Runtime Environment (17.0.1+12) (build 17.0.1+12-LTS-39)
# Java VM: Java HotSpot(TM) 64-Bit Server VM (17.0.1+12-LTS-39, mixed mode, sharing, tiered, compressed oops, compressed class ptrs, g1 gc, windows-amd64)
GC Precious Log:
 CPUs: 8 total, 8 available
 Memory: 16318M
 Large Page Support: Disabled
 NUMA Support: Disabled
 Compressed Oops: Enabled (32-bit)
 Heap Region Size: 1M
 Heap Min Capacity: 256M
 Heap Initial Capacity: 256M
 Heap Max Capacity: 512M
 Pre-touch: Disabled
 Parallel Workers: 8
 Concurrent Workers: 2
 Concurrent Refinement Workers: 8
 Periodic GC: Disabled
Heap:
 garbage-first heap   total 524288K, used 519397K [0x00000000e0000000, 0x0000000100000000)
  region size 1024K, 1 young (1024K), 1 survivors (1024K)
 Metaspace       used 53467K, committed 54208K, reserved 262144K
  class space    used 7510K, committed 7808K, reserved 212992K
GC Heap History (20 events):
Event: 32.317 GC heap after
{Heap after GC invocations=142 (full 2):
 garbage-first heap   total 524288K, used 514642K [0x00000000e0000000, 0x0000000100000000)
  region size 1024K, 2 young (2048K), 2 survivors (2048K)
 Metaspace       used 53467K, committed 54208K, reserved 262144K
  class space    used 7510K, committed 7808K, reserved 212992K
}
Event: 32.325 GC heap before
{Heap before GC invocations=142 (full 2):
 garbage-first heap   total 524288K, used 514642K [0x00000000e0000000, 0x0000000100000000)
  region size 1024K, 3 young (3072K), 2 survivors (2048K)
 Metaspace       used 53467K, committed 54208K, reserved 262144K
  class space    used 7510K, committed 7808K, reserved 212992K
}
Event: 32.327 GC heap after
{Heap after GC invocations=143 (full 2):
 garbage-first heap   total 524288K, used 514777K [0x00000000e0000000, 0x0000000100000000)
  region size 1024K, 2 young (2048K), 2 survivors (2048K)
 Metaspace       used 53467K, committed 54208K, reserved 262144K
  class space    used 7510K, committed 7808K, reserved 212992K
}
Event: 32.334 GC heap before
{Heap before GC invocations=143 (full 2):
 garbage-first heap   total 524288K, used 514777K [0x00000000e0000000, 0x0000000100000000)
  region size 1024K, 3 young (3072K), 2 survivors (2048K)
 Metaspace       used 53467K, committed 54208K, reserved 262144K
  class space    used 7510K, committed 7808K, reserved 212992K
}
Event: 32.338 GC heap after
{Heap after GC invocations=144 (full 2):
 garbage-first heap   total 524288K, used 514965K [0x00000000e0000000, 0x0000000100000000)
  region size 1024K, 2 young (2048K), 2 survivors (2048K)
 Metaspace       used 53467K, committed 54208K, reserved 262144K
  class space    used 7510K, committed 7808K, reserved 212992K
}
Event: 32.345 GC heap before
{Heap before GC invocations=144 (full 2):
 garbage-first heap   total 524288K, used 514965K [0x00000000e0000000, 0x0000000100000000)
  region size 1024K, 3 young (3072K), 2 survivors (2048K)
 Metaspace       used 53467K, committed 54208K, reserved 262144K
  class space    used 7510K, committed 7808K, reserved 212992K
}
Event: 32.348 GC heap after
{Heap after GC invocations=145 (full 2):
 garbage-first heap   total 524288K, used 515253K [0x00000000e0000000, 0x0000000100000000)
  region size 1024K, 3 young (3072K), 3 survivors (3072K)
 Metaspace       used 53467K, committed 54208K, reserved 262144K
  class space    used 7510K, committed 7808K, reserved 212992K
}
Event: 32.355 GC heap before
{Heap before GC invocations=145 (full 2):
 garbage-first heap   total 524288K, used 515253K [0x00000000e0000000, 0x0000000100000000)
  region size 1024K, 4 young (4096K), 3 survivors (3072K)
 Metaspace       used 53467K, committed 54208K, reserved 262144K
  class space    used 7510K, committed 7808K, reserved 212992K
}
Event: 32.359 GC heap after
{Heap after GC invocations=146 (full 2):
 garbage-first heap   total 524288K, used 515275K [0x00000000e0000000, 0x0000000100000000)
  region size 1024K, 1 young (1024K), 1 survivors (1024K)
 Metaspace       used 53467K, committed 54208K, reserved 262144K
  class space    used 7510K, committed 7808K, reserved 212992K
}
Event: 32.373 GC heap before
{Heap before GC invocations=146 (full 2):
 garbage-first heap   total 524288K, used 516299K [0x00000000e0000000, 0x0000000100000000)
  region size 1024K, 3 young (3072K), 1 survivors (1024K)
 Metaspace       used 53467K, committed 54208K, reserved 262144K
  class space    used 7510K, committed 7808K, reserved 212992K
}
Event: 32.374 GC heap after
{Heap after GC invocations=147 (full 2):
 garbage-first heap   total 524288K, used 515819K [0x00000000e0000000, 0x0000000100000000)
  region size 1024K, 2 young (2048K), 2 survivors (2048K)
 Metaspace       used 53467K, committed 54208K, reserved 262144K
  class space    used 7510K, committed 7808K, reserved 212992K
}
Event: 32.382 GC heap before
{Heap before GC invocations=147 (full 2):
 garbage-first heap   total 524288K, used 515819K [0x00000000e0000000, 0x0000000100000000)
  region size 1024K, 3 young (3072K), 2 survivors (2048K)
 Metaspace       used 53467K, committed 54208K, reserved 262144K
  class space    used 7510K, committed 7808K, reserved 212992K
}
Event: 32.383 GC heap after
{Heap after GC invocations=148 (full 2):
 garbage-first heap   total 524288K, used 516080K [0x00000000e0000000, 0x0000000100000000)
  region size 1024K, 2 young (2048K), 2 survivors (2048K)
 Metaspace       used 53467K, committed 54208K, reserved 262144K
  class space    used 7510K, committed 7808K, reserved 212992K
}
Event: 32.390 GC heap before
{Heap before GC invocations=148 (full 2):
 garbage-first heap   total 524288K, used 516080K [0x00000000e0000000, 0x0000000100000000)
  region size 1024K, 3 young (3072K), 2 survivors (2048K)
 Metaspace       used 53467K, committed 54208K, reserved 262144K
  class space    used 7510K, committed 7808K, reserved 212992K
}
Event: 32.392 GC heap after
{Heap after GC invocations=149 (full 2):
 garbage-first heap   total 524288K, used 516266K [0x00000000e0000000, 0x0000000100000000)
  region size 1024K, 2 young (2048K), 2 survivors (2048K)
 Metaspace       used 53467K, committed 54208K, reserved 262144K
  class space    used 7510K, committed 7808K, reserved 212992K
}
Event: 32.399 GC heap before
{Heap before GC invocations=149 (full 2):
 garbage-first heap   total 524288K, used 516266K [0x00000000e0000000, 0x0000000100000000)
  region size 1024K, 3 young (3072K), 2 survivors (2048K)
 Metaspace       used 53467K, committed 54208K, reserved 262144K
  class space    used 7510K, committed 7808K, reserved 212992K
}
Event: 32.402 GC heap after
{Heap after GC invocations=150 (full 2):
 garbage-first heap   total 524288K, used 517349K [0x00000000e0000000, 0x0000000100000000)
  region size 1024K, 2 young (2048K), 2 survivors (2048K)
 Metaspace       used 53467K, committed 54208K, reserved 262144K
  class space    used 7510K, committed 7808K, reserved 212992K
}
Event: 32.409 GC heap before
{Heap before GC invocations=150 (full 2):
 garbage-first heap   total 524288K, used 517349K [0x00000000e0000000, 0x0000000100000000)
  region size 1024K, 3 young (3072K), 2 survivors (2048K)
 Metaspace       used 53467K, committed 54208K, reserved 262144K
  class space    used 7510K, committed 7808K, reserved 212992K
}
Event: 32.412 GC heap after
{Heap after GC invocations=151 (full 2):
 garbage-first heap   total 524288K, used 519397K [0x00000000e0000000, 0x0000000100000000)
  region size 1024K, 1 young (1024K), 1 survivors (1024K)
 Metaspace       used 53467K, committed 54208K, reserved 262144K
  class space    used 7510K, committed 7808K, reserved 212992K
}
Event: 32.412 GC heap before
{Heap before GC invocations=151 (full 2):
 garbage-first heap   total 524288K, used 519397K [0x00000000e0000000, 0x0000000100000000)
  region size 1024K, 1 young (1024K), 1 survivors (1024K)
 Metaspace       used 53467K, committed 54208K, reserved 262144K
  class space    used 7510K, committed 7808K, reserved 212992K
}

