# JRE version: Java(TM) SE Runtime Environment (17.0.1+12) (build 17.0.1+12-LTS-39)
# Java VM: Java HotSpot(TM) 64-Bit Server VM (17.0.1+12-LTS-39, mixed mode, sharing, tiered, compressed oops, compressed class ptrs, g1 gc, windows-amd64)
GC Precious Log:
 CPUs: 8 total, 8 available
 Memory: 16318M
 Large Page Support: Disabled
 NUMA Support: Disabled
 Compressed Oops: Enabled (32-bit)
 Heap Region Size: 1M
 Heap Min Capacity: 256M
 Heap Initial Capacity: 256M
 Heap Max Capacity: 512M
 Pre-touch: Disabled
 Parallel Workers: 8
 Concurrent Workers: 2
 Concurrent Refinement Workers: 8
 Periodic GC: Disabled
Heap:
 garbage-first heap   total 524288K, used 395032K [0x00000000e0000000, 0x0000000100000000)
  region size 1024K, 78 young (79872K), 10 survivors (10240K)
 Metaspace       used 57954K, committed 58688K, reserved 270336K
  class space    used 7761K, committed 8064K, reserved 212992K
GC Heap History (20 events):
Event: 6902.376 GC heap after
{Heap after GC invocations=103 (full 0):
 garbage-first heap   total 411648K, used 240223K [0x00000000e0000000, 0x0000000100000000)
  region size 1024K, 7 young (7168K), 7 survivors (7168K)
 Metaspace       used 57954K, committed 58688K, reserved 270336K
  class space    used 7761K, committed 8064K, reserved 212992K
}
Event: 6902.467 GC heap before
{Heap before GC invocations=103 (full 0):
 garbage-first heap   total 411648K, used 253535K [0x00000000e0000000, 0x0000000100000000)
  region size 1024K, 20 young (20480K), 7 survivors (7168K)
 Metaspace       used 57954K, committed 58688K, reserved 270336K
  class space    used 7761K, committed 8064K, reserved 212992K
}
Event: 6902.478 GC heap after
{Heap after GC invocations=104 (full 0):
 garbage-first heap   total 411648K, used 238414K [0x00000000e0000000, 0x0000000100000000)
  region size 1024K, 3 young (3072K), 3 survivors (3072K)
 Metaspace       used 57954K, committed 58688K, reserved 270336K
  class space    used 7761K, committed 8064K, reserved 212992K
}
Event: 6903.116 GC heap before
{Heap before GC invocations=104 (full 0):
 garbage-first heap   total 411648K, used 330574K [0x00000000e0000000, 0x0000000100000000)
  region size 1024K, 93 young (95232K), 3 survivors (3072K)
 Metaspace       used 57954K, committed 58688K, reserved 270336K
  class space    used 7761K, committed 8064K, reserved 212992K
}
Event: 6903.145 GC heap after
{Heap after GC invocations=105 (full 0):
 garbage-first heap   total 411648K, used 255656K [0x00000000e0000000, 0x0000000100000000)
  region size 1024K, 12 young (12288K), 12 survivors (12288K)
 Metaspace       used 57954K, committed 58688K, reserved 270336K
  class space    used 7761K, committed 8064K, reserved 212992K
}
Event: 6903.664 GC heap before
{Heap before GC invocations=105 (full 0):
 garbage-first heap   total 411648K, used 335528K [0x00000000e0000000, 0x0000000100000000)
  region size 1024K, 90 young (92160K), 12 survivors (12288K)
 Metaspace       used 57954K, committed 58688K, reserved 270336K
  class space    used 7761K, committed 8064K, reserved 212992K
}
Event: 6903.690 GC heap after
{Heap after GC invocations=106 (full 0):
 garbage-first heap   total 411648K, used 270336K [0x00000000e0000000, 0x0000000100000000)
  region size 1024K, 12 young (12288K), 12 survivors (12288K)
 Metaspace       used 57954K, committed 58688K, reserved 270336K
  class space    used 7761K, committed 8064K, reserved 212992K
}
Event: 6904.164 GC heap before
{Heap before GC invocations=106 (full 0):
 garbage-first heap   total 411648K, used 339968K [0x00000000e0000000, 0x0000000100000000)
  region size 1024K, 80 young (81920K), 12 survivors (12288K)
 Metaspace       used 57954K, committed 58688K, reserved 270336K
  class space    used 7761K, committed 8064K, reserved 212992K
}
Event: 6904.188 GC heap after
{Heap after GC invocations=107 (full 0):
 garbage-first heap   total 411648K, used 284587K [0x00000000e0000000, 0x0000000100000000)
  region size 1024K, 10 young (10240K), 10 survivors (10240K)
 Metaspace       used 57954K, committed 58688K, reserved 270336K
  class space    used 7761K, committed 8064K, reserved 212992K
}
Event: 6904.583 GC heap before
{Heap before GC invocations=108 (full 0):
 garbage-first heap   total 488448K, used 327595K [0x00000000e0000000, 0x0000000100000000)
  region size 1024K, 63 young (64512K), 10 survivors (10240K)
 Metaspace       used 57954K, committed 58688K, reserved 270336K
  class space    used 7761K, committed 8064K, reserved 212992K
}
Event: 6904.603 GC heap after
{Heap after GC invocations=109 (full 0):
 garbage-first heap   total 488448K, used 284672K [0x00000000e0000000, 0x0000000100000000)
  region size 1024K, 8 young (8192K), 8 survivors (8192K)
 Metaspace       used 57954K, committed 58688K, reserved 270336K
  class space    used 7761K, committed 8064K, reserved 212992K
}
Event: 6904.704 GC heap before
{Heap before GC invocations=109 (full 0):
 garbage-first heap   total 488448K, used 300032K [0x00000000e0000000, 0x0000000100000000)
  region size 1024K, 23 young (23552K), 8 survivors (8192K)
 Metaspace       used 57954K, committed 58688K, reserved 270336K
  class space    used 7761K, committed 8064K, reserved 212992K
}
Event: 6904.716 GC heap after
{Heap after GC invocations=110 (full 0):
 garbage-first heap   total 488448K, used 282551K [0x00000000e0000000, 0x0000000100000000)
  region size 1024K, 3 young (3072K), 3 survivors (3072K)
 Metaspace       used 57954K, committed 58688K, reserved 270336K
  class space    used 7761K, committed 8064K, reserved 212992K
}
Event: 6905.473 GC heap before
{Heap before GC invocations=110 (full 0):
 garbage-first heap   total 488448K, used 393143K [0x00000000e0000000, 0x0000000100000000)
  region size 1024K, 111 young (113664K), 3 survivors (3072K)
 Metaspace       used 57954K, committed 58688K, reserved 270336K
  class space    used 7761K, committed 8064K, reserved 212992K
}
Event: 6905.507 GC heap after
{Heap after GC invocations=111 (full 0):
 garbage-first heap   total 491520K, used 303608K [0x00000000e0000000, 0x0000000100000000)
  region size 1024K, 14 young (14336K), 14 survivors (14336K)
 Metaspace       used 57954K, committed 58688K, reserved 270336K
  class space    used 7761K, committed 8064K, reserved 212992K
}
Event: 6906.164 GC heap before
{Heap before GC invocations=111 (full 0):
 garbage-first heap   total 491520K, used 400888K [0x00000000e0000000, 0x0000000100000000)
  region size 1024K, 109 young (111616K), 14 survivors (14336K)
 Metaspace       used 57954K, committed 58688K, reserved 270336K
  class space    used 7761K, committed 8064K, reserved 212992K
}
Event: 6906.196 GC heap after
{Heap after GC invocations=112 (full 0):
 garbage-first heap   total 491520K, used 322453K [0x00000000e0000000, 0x0000000100000000)
  region size 1024K, 14 young (14336K), 14 survivors (14336K)
 Metaspace       used 57954K, committed 58688K, reserved 270336K
  class space    used 7761K, committed 8064K, reserved 212992K
}
Event: 6906.731 GC heap before
{Heap before GC invocations=112 (full 0):
 garbage-first heap   total 491520K, used 406421K [0x00000000e0000000, 0x0000000100000000)
  region size 1024K, 96 young (98304K), 14 survivors (14336K)
 Metaspace       used 57954K, committed 58688K, reserved 270336K
  class space    used 7761K, committed 8064K, reserved 212992K
}
Event: 6906.758 GC heap after
{Heap after GC invocations=113 (full 0):
 garbage-first heap   total 491520K, used 338712K [0x00000000e0000000, 0x0000000100000000)
  region size 1024K, 12 young (12288K), 12 survivors (12288K)
 Metaspace       used 57954K, committed 58688K, reserved 270336K
  class space    used 7761K, committed 8064K, reserved 212992K
}
Event: 6907.271 GC heap before
{Heap before GC invocations=114 (full 0):
 garbage-first heap   total 524288K, used 395032K [0x00000000e0000000, 0x0000000100000000)
  region size 1024K, 80 young (81920K), 12 survivors (12288K)
 Metaspace       used 57954K, committed 58688K, reserved 270336K
  class space    used 7761K, committed 8064K, reserved 212992K
}

