# JRE version: Java(TM) SE Runtime Environment (17.0.1+12) (build 17.0.1+12-LTS-39)
# Java VM: Java HotSpot(TM) 64-Bit Server VM (17.0.1+12-LTS-39, mixed mode, sharing, tiered, compressed oops, compressed class ptrs, g1 gc, windows-amd64)
GC Precious Log:
 CPUs: 8 total, 8 available
 Memory: 16318M
 Large Page Support: Disabled
 NUMA Support: Disabled
 Compressed Oops: Enabled (32-bit)
 Heap Region Size: 1M
 Heap Min Capacity: 256M
 Heap Initial Capacity: 256M
 Heap Max Capacity: 512M
 Pre-touch: Disabled
 Parallel Workers: 8
 Concurrent Workers: 2
 Concurrent Refinement Workers: 8
 Periodic GC: Disabled
Heap:
 garbage-first heap   total 524288K, used 521027K [0x00000000e0000000, 0x0000000100000000)
  region size 1024K, 1 young (1024K), 1 survivors (1024K)
 Metaspace       used 44320K, committed 44992K, reserved 253952K
  class space    used 6321K, committed 6592K, reserved 212992K
GC Heap History (20 events):
Event: 34.189 GC heap after
{Heap after GC invocations=148 (full 3):
 garbage-first heap   total 524288K, used 519318K [0x00000000e0000000, 0x0000000100000000)
  region size 1024K, 2 young (2048K), 2 survivors (2048K)
 Metaspace       used 44320K, committed 44992K, reserved 253952K
  class space    used 6321K, committed 6592K, reserved 212992K
}
Event: 34.189 GC heap before
{Heap before GC invocations=148 (full 3):
 garbage-first heap   total 524288K, used 519318K [0x00000000e0000000, 0x0000000100000000)
  region size 1024K, 2 young (2048K), 2 survivors (2048K)
 Metaspace       used 44320K, committed 44992K, reserved 253952K
  class space    used 6321K, committed 6592K, reserved 212992K
}
Event: 34.630 GC heap after
{Heap after GC invocations=149 (full 4):
 garbage-first heap   total 524288K, used 516305K [0x00000000e0000000, 0x0000000100000000)
  region size 1024K, 0 young (0K), 0 survivors (0K)
 Metaspace       used 44320K, committed 44992K, reserved 253952K
  class space    used 6321K, committed 6592K, reserved 212992K
}
Event: 34.658 GC heap before
{Heap before GC invocations=149 (full 4):
 garbage-first heap   total 524288K, used 519377K [0x00000000e0000000, 0x0000000100000000)
  region size 1024K, 4 young (4096K), 0 survivors (0K)
 Metaspace       used 44320K, committed 44992K, reserved 253952K
  class space    used 6321K, committed 6592K, reserved 212992K
}
Event: 34.659 GC heap after
{Heap after GC invocations=150 (full 4):
 garbage-first heap   total 524288K, used 517274K [0x00000000e0000000, 0x0000000100000000)
  region size 1024K, 1 young (1024K), 1 survivors (1024K)
 Metaspace       used 44320K, committed 44992K, reserved 253952K
  class space    used 6321K, committed 6592K, reserved 212992K
}
Event: 34.673 GC heap before
{Heap before GC invocations=150 (full 4):
 garbage-first heap   total 524288K, used 518298K [0x00000000e0000000, 0x0000000100000000)
  region size 1024K, 3 young (3072K), 1 survivors (1024K)
 Metaspace       used 44320K, committed 44992K, reserved 253952K
  class space    used 6321K, committed 6592K, reserved 212992K
}
Event: 34.675 GC heap after
{Heap after GC invocations=151 (full 4):
 garbage-first heap   total 524288K, used 517626K [0x00000000e0000000, 0x0000000100000000)
  region size 1024K, 2 young (2048K), 2 survivors (2048K)
 Metaspace       used 44320K, committed 44992K, reserved 253952K
  class space    used 6321K, committed 6592K, reserved 212992K
}
Event: 34.690 GC heap before
{Heap before GC invocations=151 (full 4):
 garbage-first heap   total 524288K, used 518650K [0x00000000e0000000, 0x0000000100000000)
  region size 1024K, 4 young (4096K), 2 survivors (2048K)
 Metaspace       used 44320K, committed 44992K, reserved 253952K
  class space    used 6321K, committed 6592K, reserved 212992K
}
Event: 34.693 GC heap after
{Heap after GC invocations=152 (full 4):
 garbage-first heap   total 524288K, used 520698K [0x00000000e0000000, 0x0000000100000000)
  region size 1024K, 1 young (1024K), 1 survivors (1024K)
 Metaspace       used 44320K, committed 44992K, reserved 253952K
  class space    used 6321K, committed 6592K, reserved 212992K
}
Event: 34.693 GC heap before
{Heap before GC invocations=152 (full 4):
 garbage-first heap   total 524288K, used 520698K [0x00000000e0000000, 0x0000000100000000)
  region size 1024K, 1 young (1024K), 1 survivors (1024K)
 Metaspace       used 44320K, committed 44992K, reserved 253952K
  class space    used 6321K, committed 6592K, reserved 212992K
}
Event: 35.161 GC heap after
{Heap after GC invocations=153 (full 5):
 garbage-first heap   total 524288K, used 517897K [0x00000000e0000000, 0x0000000100000000)
  region size 1024K, 0 young (0K), 0 survivors (0K)
 Metaspace       used 44320K, committed 44992K, reserved 253952K
  class space    used 6321K, committed 6592K, reserved 212992K
}
Event: 35.182 GC heap before
{Heap before GC invocations=153 (full 5):
 garbage-first heap   total 524288K, used 519945K [0x00000000e0000000, 0x0000000100000000)
  region size 1024K, 3 young (3072K), 0 survivors (0K)
 Metaspace       used 44320K, committed 44992K, reserved 253952K
  class space    used 6321K, committed 6592K, reserved 212992K
}
Event: 35.183 GC heap after
{Heap after GC invocations=154 (full 5):
 garbage-first heap   total 524288K, used 518638K [0x00000000e0000000, 0x0000000100000000)
  region size 1024K, 1 young (1024K), 1 survivors (1024K)
 Metaspace       used 44320K, committed 44992K, reserved 253952K
  class space    used 6321K, committed 6592K, reserved 212992K
}
Event: 35.190 GC heap before
{Heap before GC invocations=154 (full 5):
 garbage-first heap   total 524288K, used 518638K [0x00000000e0000000, 0x0000000100000000)
  region size 1024K, 2 young (2048K), 1 survivors (1024K)
 Metaspace       used 44320K, committed 44992K, reserved 253952K
  class space    used 6321K, committed 6592K, reserved 212992K
}
Event: 35.192 GC heap after
{Heap after GC invocations=155 (full 5):
 garbage-first heap   total 524288K, used 518770K [0x00000000e0000000, 0x0000000100000000)
  region size 1024K, 1 young (1024K), 1 survivors (1024K)
 Metaspace       used 44320K, committed 44992K, reserved 253952K
  class space    used 6321K, committed 6592K, reserved 212992K
}
Event: 35.199 GC heap before
{Heap before GC invocations=155 (full 5):
 garbage-first heap   total 524288K, used 518770K [0x00000000e0000000, 0x0000000100000000)
  region size 1024K, 2 young (2048K), 1 survivors (1024K)
 Metaspace       used 44320K, committed 44992K, reserved 253952K
  class space    used 6321K, committed 6592K, reserved 212992K
}
Event: 35.201 GC heap after
{Heap after GC invocations=156 (full 5):
 garbage-first heap   total 524288K, used 518979K [0x00000000e0000000, 0x0000000100000000)
  region size 1024K, 2 young (2048K), 2 survivors (2048K)
 Metaspace       used 44320K, committed 44992K, reserved 253952K
  class space    used 6321K, committed 6592K, reserved 212992K
}
Event: 35.208 GC heap before
{Heap before GC invocations=156 (full 5):
 garbage-first heap   total 524288K, used 518979K [0x00000000e0000000, 0x0000000100000000)
  region size 1024K, 3 young (3072K), 2 survivors (2048K)
 Metaspace       used 44320K, committed 44992K, reserved 253952K
  class space    used 6321K, committed 6592K, reserved 212992K
}
Event: 35.210 GC heap after
{Heap after GC invocations=157 (full 5):
 garbage-first heap   total 524288K, used 521027K [0x00000000e0000000, 0x0000000100000000)
  region size 1024K, 1 young (1024K), 1 survivors (1024K)
 Metaspace       used 44320K, committed 44992K, reserved 253952K
  class space    used 6321K, committed 6592K, reserved 212992K
}
Event: 35.210 GC heap before
{Heap before GC invocations=157 (full 5):
 garbage-first heap   total 524288K, used 521027K [0x00000000e0000000, 0x0000000100000000)
  region size 1024K, 1 young (1024K), 1 survivors (1024K)
 Metaspace       used 44320K, committed 44992K, reserved 253952K
  class space    used 6321K, committed 6592K, reserved 212992K
}

